<?xml version="1.0" encoding="UTF-8"?>
<!-- Generated by org.testng.reporters.JUnitReportReporter -->
<testsuite skipped="0" hostname="FRLH019863" name="loginTestCases.BothCorrect" tests="1" failures="0" timestamp="28 mars 2020 07:21:42 GMT" time="10.679" errors="0">
  <testcase name="loginWithBothCorrect" time="10.679" classname="loginTestCases.BothCorrect"/>
</testsuite> <!-- loginTestCases.BothCorrect -->
